[0;34m[2025-06-22 19:27:42][0m Starting Trojan Trading Analytics deployment...
[0;34m[2025-06-22 19:27:42][0m Checking prerequisites...
[0;32m[SUCCESS][0m All prerequisites met!
[0;34m[2025-06-22 19:27:42][0m Creating backup...
[0;32m[SUCCESS][0m Configuration backup created: ./backups/backup_20250622_192742_config.tar.gz
[0;34m[2025-06-22 19:27:43][0m Setting up environment...
[0;31m[ERROR][0m Deployment failed! Check logs for details.
[0;34m[2025-06-22 19:29:09][0m Starting Trojan Trading Analytics deployment...
[0;34m[2025-06-22 19:29:09][0m Checking prerequisites...
[0;32m[SUCCESS][0m All prerequisites met!
[0;34m[2025-06-22 19:29:10][0m Creating backup...
[0;32m[SUCCESS][0m Configuration backup created: ./backups/backup_20250622_192910_config.tar.gz
[0;34m[2025-06-22 19:29:12][0m Setting up environment...
[0;32m[SUCCESS][0m Environment setup complete!
[0;34m[2025-06-22 19:29:13][0m Deploying services...
[0;34m[2025-06-22 19:29:13][0m Pulling Docker images...
[0;34m[2025-06-22 19:29:16][0m Building application images...
[0;31m[ERROR][0m Deployment failed! Check logs for details.
[0;34m[2025-06-22 19:39:21][0m Starting Trojan Trading Analytics deployment...
[0;34m[2025-06-22 19:39:22][0m Checking prerequisites...
[0;32m[SUCCESS][0m All prerequisites met!
[0;34m[2025-06-22 19:39:22][0m Creating backup...
[0;32m[SUCCESS][0m Configuration backup created: ./backups/backup_20250622_193922_config.tar.gz
[0;34m[2025-06-22 19:39:22][0m Setting up environment...
[0;32m[SUCCESS][0m Environment setup complete!
[0;34m[2025-06-22 19:39:23][0m Deploying services...
[0;34m[2025-06-22 19:39:23][0m Pulling Docker images...
[0;34m[2025-06-22 19:39:25][0m Building application images...
[0;31m[ERROR][0m Deployment failed! Check logs for details.
[0;34m[2025-06-22 19:55:12][0m Starting Trojan Trading Analytics deployment...
[0;34m[2025-06-22 19:55:12][0m Checking prerequisites...
[0;32m[SUCCESS][0m All prerequisites met!
[0;34m[2025-06-22 19:55:12][0m Creating backup...
[0;32m[SUCCESS][0m Configuration backup created: ./backups/backup_20250622_195512_config.tar.gz
[0;34m[2025-06-22 19:55:13][0m Setting up environment...
[0;32m[SUCCESS][0m Environment setup complete!
[0;34m[2025-06-22 19:55:13][0m Deploying services...
[0;34m[2025-06-22 19:55:13][0m Pulling Docker images...
[0;34m[2025-06-22 19:55:17][0m Building application images...
[0;34m[2025-06-22 20:09:07][0m Starting infrastructure services...
[0;34m[2025-06-22 20:09:11][0m Waiting for infrastructure services to be ready...
[0;34m[2025-06-22 20:09:42][0m Starting application services...
[0;34m[2025-06-22 20:09:45][0m Starting monitoring services...
[0;34m[2025-06-22 20:09:49][0m Starting optional services...
[0;32m[SUCCESS][0m All services deployed!
[0;34m[2025-06-22 20:09:54][0m Performing health checks...
[0;34m[2025-06-22 20:10:24][0m Checking API health...
[0;34m[2025-06-22 20:10:25][0m Waiting for API to be ready... (attempt 1/30)
[0;34m[2025-06-22 20:10:38][0m Waiting for API to be ready... (attempt 2/30)
[0;34m[2025-06-22 20:10:50][0m Waiting for API to be ready... (attempt 3/30)
[0;34m[2025-06-22 20:11:03][0m Waiting for API to be ready... (attempt 4/30)
[0;34m[2025-06-22 20:11:16][0m Waiting for API to be ready... (attempt 5/30)
[0;34m[2025-06-22 20:11:26][0m Waiting for API to be ready... (attempt 6/30)
[0;34m[2025-06-22 20:11:38][0m Waiting for API to be ready... (attempt 7/30)
[0;34m[2025-06-22 20:11:51][0m Waiting for API to be ready... (attempt 8/30)
[0;34m[2025-06-22 20:12:03][0m Waiting for API to be ready... (attempt 9/30)
[0;34m[2025-06-22 20:12:16][0m Waiting for API to be ready... (attempt 10/30)
[0;34m[2025-06-22 20:12:29][0m Waiting for API to be ready... (attempt 11/30)
[0;34m[2025-06-22 20:12:41][0m Waiting for API to be ready... (attempt 12/30)
[0;34m[2025-06-22 20:14:29][0m Starting Trojan Trading Analytics deployment...
[0;34m[2025-06-22 20:14:29][0m Checking prerequisites...
[0;32m[SUCCESS][0m All prerequisites met!
[0;34m[2025-06-22 20:14:29][0m Creating backup...
[0;34m[2025-06-22 20:14:30][0m Backing up database...
[0;32m[SUCCESS][0m Database backup created: ./backups/backup_20250622_201429_database.sql
[0;32m[SUCCESS][0m Configuration backup created: ./backups/backup_20250622_201429_config.tar.gz
[0;34m[2025-06-22 20:14:31][0m Setting up environment...
[0;32m[SUCCESS][0m Environment setup complete!
[0;34m[2025-06-22 20:14:31][0m Deploying services...
[0;34m[2025-06-22 20:14:31][0m Pulling Docker images...
[0;34m[2025-06-22 20:14:35][0m Building application images...
[0;34m[2025-06-22 20:27:26][0m Starting infrastructure services...
[0;34m[2025-06-22 20:27:28][0m Waiting for infrastructure services to be ready...
[0;34m[2025-06-22 20:27:58][0m Starting application services...
[0;34m[2025-06-22 20:28:14][0m Starting monitoring services...
[0;34m[2025-06-22 20:28:20][0m Starting optional services...
[0;32m[SUCCESS][0m All services deployed!
[0;34m[2025-06-22 20:28:23][0m Performing health checks...
[0;34m[2025-06-22 20:28:53][0m Checking API health...
[0;32m[SUCCESS][0m API is healthy!
[0;34m[2025-06-22 20:28:54][0m Checking database connection...
[0;32m[SUCCESS][0m Database is ready!
[0;34m[2025-06-22 20:28:54][0m Checking Redis connection...
[0;32m[SUCCESS][0m Redis is ready!
[0;34m[2025-06-22 20:28:55][0m Checking Kafka...
[0;32m[SUCCESS][0m Kafka is ready!
[0;34m[2025-06-22 20:28:58][0m Testing API endpoints...
[1;33m[WARNING][0m Health endpoint test failed
[0;32m[SUCCESS][0m Metrics endpoint working!
[0;32m[SUCCESS][0m Health checks completed!
[0;34m[2025-06-22 20:28:59][0m Setting up monitoring...
[0;34m[2025-06-22 20:28:59][0m Waiting for Grafana to start...
[0;34m[2025-06-22 20:28:59][0m Grafana dashboards will be auto-imported from docker/grafana/dashboards/
[0;32m[SUCCESS][0m Prometheus is healthy!
[0;32m[SUCCESS][0m Monitoring setup complete!
[0;34m[2025-06-22 20:28:59][0m Deployment Status:
[0;34m[2025-06-22 20:29:00][0m Recent service logs:
[0;34m[2025-06-22 20:29:00][0m To follow logs in real-time: docker-compose logs -f
[0;32m[SUCCESS][0m 🎉 Deployment completed successfully!
